[debug] [2025-03-19T06:21:49.353Z] ----------------------------------------------------------------------
[debug] [2025-03-19T06:21:49.356Z] Command:       C:\Program Files\nodejs\node.exe C:\Users\vinti\AppData\Roaming\npm\node_modules\firebase-tools\lib\bin\firebase.js init
[debug] [2025-03-19T06:21:49.356Z] CLI Version:   13.34.0
[debug] [2025-03-19T06:21:49.356Z] Platform:      win32
[debug] [2025-03-19T06:21:49.357Z] Node Version:  v20.11.0
[debug] [2025-03-19T06:21:49.357Z] Time:          Wed Mar 19 2025 11:51:49 GMT+0530 (India Standard Time)
[debug] [2025-03-19T06:21:49.357Z] ----------------------------------------------------------------------
[debug] 
[debug] [2025-03-19T06:21:49.363Z] > command requires scopes: ["email","openid","https://www.googleapis.com/auth/cloudplatformprojects.readonly","https://www.googleapis.com/auth/firebase","https://www.googleapis.com/auth/cloud-platform"]
[debug] [2025-03-19T06:21:49.363Z] > authorizing via signed-in user (laser57vvit@gmail.com)
[info] 
     ######## #### ########  ######## ########     ###     ######  ########
     ##        ##  ##     ## ##       ##     ##  ##   ##  ##       ##
     ######    ##  ########  ######   ########  #########  ######  ######
     ##        ##  ##    ##  ##       ##     ## ##     ##       ## ##
     ##       #### ##     ## ######## ########  ##     ##  ######  ########

You're about to initialize a Firebase project in this directory:

  C:\Users\vinti\OneDrive\Desktop\Soil Crop Advisor_files

[info] 
=== Project Setup
[info] 
[info] First, let's associate this project directory with a Firebase project.
[info] You can create multiple project aliases by running firebase use --add, 
[info] but for now we'll just set up a default project.
[info] 
[debug] [2025-03-19T06:23:00.721Z] Checked if tokens are valid: true, expires at: 1742368820493
[debug] [2025-03-19T06:23:00.721Z] Checked if tokens are valid: true, expires at: 1742368820493
[debug] [2025-03-19T06:23:00.723Z] >>> [apiv2][query] GET https://firebase.googleapis.com/v1beta1/projects pageSize=100
[debug] [2025-03-19T06:23:01.480Z] <<< [apiv2][status] GET https://firebase.googleapis.com/v1beta1/projects 200
[debug] [2025-03-19T06:23:01.480Z] <<< [apiv2][body] GET https://firebase.googleapis.com/v1beta1/projects [omitted]
[info] i  Using project soil-crop-advisor (Soil Crop Advisor) 
[info] 
=== Dataconnect Setup
[debug] [2025-03-19T06:23:04.508Z] Checked if tokens are valid: true, expires at: 1742368820493
[debug] [2025-03-19T06:23:04.508Z] Checked if tokens are valid: true, expires at: 1742368820493
[debug] [2025-03-19T06:23:04.508Z] >>> [apiv2][query] GET https://cloudbilling.googleapis.com/v1/projects/soil-crop-advisor/billingInfo [none]
[debug] [2025-03-19T06:23:05.977Z] <<< [apiv2][status] GET https://cloudbilling.googleapis.com/v1/projects/soil-crop-advisor/billingInfo 200
[debug] [2025-03-19T06:23:05.978Z] <<< [apiv2][body] GET https://cloudbilling.googleapis.com/v1/projects/soil-crop-advisor/billingInfo {"name":"projects/soil-crop-advisor/billingInfo","projectId":"soil-crop-advisor","billingAccountName":"","billingEnabled":false}
[info] i  dataconnect: ensuring required API sqladmin.googleapis.com is enabled... 
[debug] [2025-03-19T06:23:05.979Z] Checked if tokens are valid: true, expires at: 1742368820493
[debug] [2025-03-19T06:23:05.979Z] Checked if tokens are valid: true, expires at: 1742368820493
[debug] [2025-03-19T06:23:05.979Z] >>> [apiv2][query] GET https://serviceusage.googleapis.com/v1/projects/soil-crop-advisor/services/sqladmin.googleapis.com [none]
[debug] [2025-03-19T06:23:05.979Z] >>> [apiv2][(partial)header] GET https://serviceusage.googleapis.com/v1/projects/soil-crop-advisor/services/sqladmin.googleapis.com x-goog-quota-user=projects/soil-crop-advisor
[debug] [2025-03-19T06:23:07.733Z] <<< [apiv2][status] GET https://serviceusage.googleapis.com/v1/projects/soil-crop-advisor/services/sqladmin.googleapis.com 200
[debug] [2025-03-19T06:23:07.733Z] <<< [apiv2][body] GET https://serviceusage.googleapis.com/v1/projects/soil-crop-advisor/services/sqladmin.googleapis.com [omitted]
[warn] !  dataconnect: missing required API sqladmin.googleapis.com. Enabling now... 
[debug] [2025-03-19T06:23:07.734Z] Checked if tokens are valid: true, expires at: 1742368820493
[debug] [2025-03-19T06:23:07.734Z] Checked if tokens are valid: true, expires at: 1742368820493
[debug] [2025-03-19T06:23:07.735Z] >>> [apiv2][query] POST https://serviceusage.googleapis.com/v1/projects/soil-crop-advisor/services/sqladmin.googleapis.com:enable [none]
[debug] [2025-03-19T06:23:07.735Z] >>> [apiv2][(partial)header] POST https://serviceusage.googleapis.com/v1/projects/soil-crop-advisor/services/sqladmin.googleapis.com:enable x-goog-quota-user=projects/soil-crop-advisor
[debug] [2025-03-19T06:23:09.404Z] <<< [apiv2][status] POST https://serviceusage.googleapis.com/v1/projects/soil-crop-advisor/services/sqladmin.googleapis.com:enable 200
[debug] [2025-03-19T06:23:09.404Z] <<< [apiv2][body] POST https://serviceusage.googleapis.com/v1/projects/soil-crop-advisor/services/sqladmin.googleapis.com:enable [omitted]
[debug] [2025-03-19T06:23:19.414Z] Checked if tokens are valid: true, expires at: 1742368820493
[debug] [2025-03-19T06:23:19.415Z] Checked if tokens are valid: true, expires at: 1742368820493
[debug] [2025-03-19T06:23:19.415Z] >>> [apiv2][query] GET https://serviceusage.googleapis.com/v1/projects/soil-crop-advisor/services/sqladmin.googleapis.com [none]
[debug] [2025-03-19T06:23:19.415Z] >>> [apiv2][(partial)header] GET https://serviceusage.googleapis.com/v1/projects/soil-crop-advisor/services/sqladmin.googleapis.com x-goog-quota-user=projects/soil-crop-advisor
[debug] [2025-03-19T06:23:20.953Z] <<< [apiv2][status] GET https://serviceusage.googleapis.com/v1/projects/soil-crop-advisor/services/sqladmin.googleapis.com 200
[debug] [2025-03-19T06:23:20.953Z] <<< [apiv2][body] GET https://serviceusage.googleapis.com/v1/projects/soil-crop-advisor/services/sqladmin.googleapis.com [omitted]
[info] +  dataconnect: required API sqladmin.googleapis.com is enabled 
[info] +  Wrote dataconnect\dataconnect.yaml 
[info] +  Wrote dataconnect\schema\schema.gql 
[info] +  Wrote dataconnect\connector\connector.yaml 
[info] +  Wrote dataconnect\connector\queries.gql 
[info] +  Wrote dataconnect\connector\mutations.gql 
[info] +  Detected WEB app in directory C:\Users\vinti\OneDrive\Desktop\Soil Crop Advisor_files 
[info] i  Wrote new config to C:\Users\vinti\OneDrive\Desktop\Soil Crop Advisor_files\dataconnect\connector/connector.yaml 
[info] i  dataconnect: downloading dataconnect-emulator-1.8.5.exe... {"metadata":{"emulator":{"name":"dataconnect"},"message":"downloading dataconnect-emulator-1.8.5.exe..."}}
[debug] [2025-03-19T06:23:31.232Z] >>> [apiv2][query] GET https://storage.googleapis.com/firemat-preview-drop/emulator/dataconnect-emulator-windows-v1.8.5 
[debug] [2025-03-19T06:23:31.829Z] <<< [apiv2][status] GET https://storage.googleapis.com/firemat-preview-drop/emulator/dataconnect-emulator-windows-v1.8.5 200
[debug] [2025-03-19T06:23:31.829Z] <<< [apiv2][body] GET https://storage.googleapis.com/firemat-preview-drop/emulator/dataconnect-emulator-windows-v1.8.5 [stream]
[info] I0319 11:53:38.452088    3196 codegen.go:82] [connector "default" javascriptSdk] Generating sources into "C:\\Users\\vinti\\OneDrive\\Desktop\\Soil Crop Advisor_files\\dataconnect-generated\\js\\default-connector"
I0319 11:53:38.458093    3196 generate.go:40] Generated all sources. Writing them to disk...
I0319 11:53:38.467844    3196 collector.go:107] connector "default" javascriptSdk wrote into "C:\\Users\\vinti\\OneDrive\\Desktop\\Soil Crop Advisor_files\\dataconnect-generated\\js\\default-connector"
Generated sources: react\index.cjs.js [0B] index.d.ts [246B] esm\index.esm.js [123B] package.json [895B] react\package.json [468B] react\esm\package.json [17B] react\README.md [5443B] esm\package.json [17B] index.cjs.js [159B] README.md [2800B] react\index.d.ts [228B] react\esm\index.esm.js [0B] 
I0319 11:53:38.488895    3196 installsdk.go:76] Running command: C:\Program Files\nodejs\npm.cmd install file:dataconnect-generated\js\default-connector

[info] i  Generated SDK code for default 
[info] +  If you'd like to add more generated SDKs to your app your later, run firebase init dataconnect:sdk again 
[info] i  If you'd like to provision a CloudSQL Postgres instance on the Firebase Data Connect no-cost trial:
1. Please upgrade to the pay-as-you-go (Blaze) billing plan. Visit the following page:
     https://console.firebase.google.com/project/soil-crop-advisor/usage/details
2. Run firebase init dataconnect again to configure the Cloud SQL instance.
3. Run firebase deploy --only dataconnect to deploy your Data Connect service. 
[info] 
=== Firestore Setup
[debug] [2025-03-19T06:23:44.782Z] Checked if tokens are valid: true, expires at: 1742368820493
[debug] [2025-03-19T06:23:44.782Z] Checked if tokens are valid: true, expires at: 1742368820493
[debug] [2025-03-19T06:23:44.782Z] >>> [apiv2][query] GET https://serviceusage.googleapis.com/v1/projects/soil-crop-advisor/services/firestore.googleapis.com [none]
[debug] [2025-03-19T06:23:44.782Z] >>> [apiv2][(partial)header] GET https://serviceusage.googleapis.com/v1/projects/soil-crop-advisor/services/firestore.googleapis.com x-goog-quota-user=projects/soil-crop-advisor
[debug] [2025-03-19T06:23:46.392Z] <<< [apiv2][status] GET https://serviceusage.googleapis.com/v1/projects/soil-crop-advisor/services/firestore.googleapis.com 200
[debug] [2025-03-19T06:23:46.392Z] <<< [apiv2][body] GET https://serviceusage.googleapis.com/v1/projects/soil-crop-advisor/services/firestore.googleapis.com [omitted]
[debug] [2025-03-19T06:23:46.393Z] Checked if tokens are valid: true, expires at: 1742368820493
[debug] [2025-03-19T06:23:46.393Z] Checked if tokens are valid: true, expires at: 1742368820493
[debug] [2025-03-19T06:23:46.393Z] >>> [apiv2][query] GET https://firestore.googleapis.com/v1/projects/soil-crop-advisor/databases/(default) [none]
[debug] [2025-03-19T06:23:46.822Z] <<< [apiv2][status] GET https://firestore.googleapis.com/v1/projects/soil-crop-advisor/databases/(default) 200
[debug] [2025-03-19T06:23:46.822Z] <<< [apiv2][body] GET https://firestore.googleapis.com/v1/projects/soil-crop-advisor/databases/(default) {"name":"projects/soil-crop-advisor/databases/(default)","uid":"45cdeb5f-ca39-44e5-8c45-7cb0d67767a4","createTime":"2025-03-19T05:52:32.296433Z","updateTime":"2025-03-19T05:52:32.296433Z","locationId":"asia-south1","type":"FIRESTORE_NATIVE","concurrencyMode":"PESSIMISTIC","versionRetentionPeriod":"3600s","earliestVersionTime":"2025-03-19T05:52:32.296433Z","appEngineIntegrationMode":"DISABLED","keyPrefix":"j","pointInTimeRecoveryEnablement":"POINT_IN_TIME_RECOVERY_DISABLED","deleteProtectionState":"DELETE_PROTECTION_DISABLED","databaseEdition":"STANDARD","freeTier":true,"etag":"IOTM04LBlYwDML7qve26lYwD"}
[debug] [2025-03-19T06:23:46.822Z] database_type: FIRESTORE_NATIVE
[debug] [2025-03-19T06:23:46.822Z] database_type: FIRESTORE_NATIVE
[debug] [2025-03-19T06:23:46.823Z] > command requires scopes: ["email","openid","https://www.googleapis.com/auth/cloudplatformprojects.readonly","https://www.googleapis.com/auth/firebase","https://www.googleapis.com/auth/cloud-platform"]
[debug] [2025-03-19T06:23:46.823Z] > authorizing via signed-in user (laser57vvit@gmail.com)
[debug] [2025-03-19T06:23:46.823Z] [iam] checking project soil-crop-advisor for permissions ["firebase.projects.get"]
[debug] [2025-03-19T06:23:46.824Z] Checked if tokens are valid: true, expires at: 1742368820493
[debug] [2025-03-19T06:23:46.824Z] Checked if tokens are valid: true, expires at: 1742368820493
[debug] [2025-03-19T06:23:46.824Z] >>> [apiv2][query] POST https://cloudresourcemanager.googleapis.com/v1/projects/soil-crop-advisor:testIamPermissions [none]
[debug] [2025-03-19T06:23:46.824Z] >>> [apiv2][(partial)header] POST https://cloudresourcemanager.googleapis.com/v1/projects/soil-crop-advisor:testIamPermissions x-goog-quota-user=projects/soil-crop-advisor
[debug] [2025-03-19T06:23:46.824Z] >>> [apiv2][body] POST https://cloudresourcemanager.googleapis.com/v1/projects/soil-crop-advisor:testIamPermissions {"permissions":["firebase.projects.get"]}
[debug] [2025-03-19T06:23:48.113Z] <<< [apiv2][status] POST https://cloudresourcemanager.googleapis.com/v1/projects/soil-crop-advisor:testIamPermissions 200
[debug] [2025-03-19T06:23:48.113Z] <<< [apiv2][body] POST https://cloudresourcemanager.googleapis.com/v1/projects/soil-crop-advisor:testIamPermissions {"permissions":["firebase.projects.get"]}
[info] 
[info] Firestore Security Rules allow you to define how and when to allow
[info] requests. You can keep these rules in your project directory
[info] and publish them with firebase deploy.
[info] 
[debug] [2025-03-19T06:24:14.110Z] Checked if tokens are valid: true, expires at: 1742368820493
[debug] [2025-03-19T06:24:14.110Z] Checked if tokens are valid: true, expires at: 1742368820493
[debug] [2025-03-19T06:24:14.110Z] >>> [apiv2][query] GET https://firebaserules.googleapis.com/v1/projects/soil-crop-advisor/releases pageSize=10&pageToken=
[debug] [2025-03-19T06:24:15.726Z] <<< [apiv2][status] GET https://firebaserules.googleapis.com/v1/projects/soil-crop-advisor/releases 200
[debug] [2025-03-19T06:24:15.726Z] <<< [apiv2][body] GET https://firebaserules.googleapis.com/v1/projects/soil-crop-advisor/releases {"releases":[{"name":"projects/soil-crop-advisor/releases/cloud.firestore","rulesetName":"projects/soil-crop-advisor/rulesets/fd1442fe-5ab9-4137-894b-4a9327b03e5e","createTime":"2025-03-19T05:52:35.966412Z","updateTime":"2025-03-19T05:52:35.966412Z"}]}
[debug] [2025-03-19T06:24:15.727Z] Found ruleset: projects/soil-crop-advisor/rulesets/fd1442fe-5ab9-4137-894b-4a9327b03e5e
[debug] [2025-03-19T06:24:15.727Z] Checked if tokens are valid: true, expires at: 1742368820493
[debug] [2025-03-19T06:24:15.727Z] Checked if tokens are valid: true, expires at: 1742368820493
[debug] [2025-03-19T06:24:15.727Z] >>> [apiv2][query] GET https://firebaserules.googleapis.com/v1/projects/soil-crop-advisor/rulesets/fd1442fe-5ab9-4137-894b-4a9327b03e5e [none]
[debug] [2025-03-19T06:24:16.136Z] <<< [apiv2][status] GET https://firebaserules.googleapis.com/v1/projects/soil-crop-advisor/rulesets/fd1442fe-5ab9-4137-894b-4a9327b03e5e 200
[debug] [2025-03-19T06:24:16.136Z] <<< [apiv2][body] GET https://firebaserules.googleapis.com/v1/projects/soil-crop-advisor/rulesets/fd1442fe-5ab9-4137-894b-4a9327b03e5e [omitted]
[info] 
[info] Firestore indexes allow you to perform complex queries while
[info] maintaining performance that scales with the size of the result
[info] set. You can keep index definitions in your project directory
[info] and publish them with firebase deploy.
[info] 
[debug] [2025-03-19T06:24:24.091Z] Checked if tokens are valid: true, expires at: 1742368820493
[debug] [2025-03-19T06:24:24.091Z] Checked if tokens are valid: true, expires at: 1742368820493
[debug] [2025-03-19T06:24:24.091Z] Checked if tokens are valid: true, expires at: 1742368820493
[debug] [2025-03-19T06:24:24.091Z] Checked if tokens are valid: true, expires at: 1742368820493
[debug] [2025-03-19T06:24:24.091Z] >>> [apiv2][query] GET https://firestore.googleapis.com/v1/projects/soil-crop-advisor/databases/(default)/collectionGroups/-/indexes [none]
[debug] [2025-03-19T06:24:24.093Z] >>> [apiv2][query] GET https://firestore.googleapis.com/v1/projects/soil-crop-advisor/databases/(default)/collectionGroups/-/fields?filter=indexConfig.usesAncestorConfig=false OR ttlConfig:* [none]
[debug] [2025-03-19T06:24:24.437Z] <<< [apiv2][status] GET https://firestore.googleapis.com/v1/projects/soil-crop-advisor/databases/(default)/collectionGroups/-/indexes 200
[debug] [2025-03-19T06:24:24.437Z] <<< [apiv2][body] GET https://firestore.googleapis.com/v1/projects/soil-crop-advisor/databases/(default)/collectionGroups/-/indexes {}
[debug] [2025-03-19T06:24:24.476Z] <<< [apiv2][status] GET https://firestore.googleapis.com/v1/projects/soil-crop-advisor/databases/(default)/collectionGroups/-/fields?filter=indexConfig.usesAncestorConfig=false OR ttlConfig:* 200
[debug] [2025-03-19T06:24:24.476Z] <<< [apiv2][body] GET https://firestore.googleapis.com/v1/projects/soil-crop-advisor/databases/(default)/collectionGroups/-/fields?filter=indexConfig.usesAncestorConfig=false OR ttlConfig:* {"fields":[{"name":"projects/soil-crop-advisor/databases/(default)/collectionGroups/__default__/fields/*","indexConfig":{"indexes":[{"queryScope":"COLLECTION","fields":[{"fieldPath":"*","order":"ASCENDING"}],"state":"READY"},{"queryScope":"COLLECTION","fields":[{"fieldPath":"*","order":"DESCENDING"}],"state":"READY"},{"queryScope":"COLLECTION","fields":[{"fieldPath":"*","arrayConfig":"CONTAINS"}],"state":"READY"}]}}]}
[info] 
=== Genkit Setup
[debug] [2025-03-19T06:24:31.995Z] > command requires scopes: ["email","openid","https://www.googleapis.com/auth/cloudplatformprojects.readonly","https://www.googleapis.com/auth/firebase","https://www.googleapis.com/auth/cloud-platform"]
[debug] [2025-03-19T06:24:31.996Z] > authorizing via signed-in user (laser57vvit@gmail.com)
[debug] [2025-03-19T06:24:31.996Z] [iam] checking project soil-crop-advisor for permissions ["firebase.projects.get"]
[debug] [2025-03-19T06:24:31.996Z] Checked if tokens are valid: true, expires at: 1742368820493
[debug] [2025-03-19T06:24:31.996Z] Checked if tokens are valid: true, expires at: 1742368820493
[debug] [2025-03-19T06:24:31.996Z] >>> [apiv2][query] POST https://cloudresourcemanager.googleapis.com/v1/projects/soil-crop-advisor:testIamPermissions [none]
[debug] [2025-03-19T06:24:31.996Z] >>> [apiv2][(partial)header] POST https://cloudresourcemanager.googleapis.com/v1/projects/soil-crop-advisor:testIamPermissions x-goog-quota-user=projects/soil-crop-advisor
[debug] [2025-03-19T06:24:31.996Z] >>> [apiv2][body] POST https://cloudresourcemanager.googleapis.com/v1/projects/soil-crop-advisor:testIamPermissions {"permissions":["firebase.projects.get"]}
[debug] [2025-03-19T06:24:33.393Z] <<< [apiv2][status] POST https://cloudresourcemanager.googleapis.com/v1/projects/soil-crop-advisor:testIamPermissions 200
[debug] [2025-03-19T06:24:33.393Z] <<< [apiv2][body] POST https://cloudresourcemanager.googleapis.com/v1/projects/soil-crop-advisor:testIamPermissions {"permissions":["firebase.projects.get"]}
[debug] [2025-03-19T06:24:33.393Z] Checked if tokens are valid: true, expires at: 1742368820493
[debug] [2025-03-19T06:24:33.393Z] Checked if tokens are valid: true, expires at: 1742368820493
[debug] [2025-03-19T06:24:33.394Z] Checked if tokens are valid: true, expires at: 1742368820493
[debug] [2025-03-19T06:24:33.394Z] Checked if tokens are valid: true, expires at: 1742368820493
[debug] [2025-03-19T06:24:33.394Z] >>> [apiv2][query] GET https://serviceusage.googleapis.com/v1/projects/soil-crop-advisor/services/cloudfunctions.googleapis.com [none]
[debug] [2025-03-19T06:24:33.394Z] >>> [apiv2][(partial)header] GET https://serviceusage.googleapis.com/v1/projects/soil-crop-advisor/services/cloudfunctions.googleapis.com x-goog-quota-user=projects/soil-crop-advisor
[debug] [2025-03-19T06:24:33.396Z] >>> [apiv2][query] GET https://serviceusage.googleapis.com/v1/projects/soil-crop-advisor/services/runtimeconfig.googleapis.com [none]
[debug] [2025-03-19T06:24:33.396Z] >>> [apiv2][(partial)header] GET https://serviceusage.googleapis.com/v1/projects/soil-crop-advisor/services/runtimeconfig.googleapis.com x-goog-quota-user=projects/soil-crop-advisor
[debug] [2025-03-19T06:24:34.935Z] <<< [apiv2][status] GET https://serviceusage.googleapis.com/v1/projects/soil-crop-advisor/services/runtimeconfig.googleapis.com 200
[debug] [2025-03-19T06:24:34.935Z] <<< [apiv2][body] GET https://serviceusage.googleapis.com/v1/projects/soil-crop-advisor/services/runtimeconfig.googleapis.com [omitted]
[debug] [2025-03-19T06:24:34.963Z] <<< [apiv2][status] GET https://serviceusage.googleapis.com/v1/projects/soil-crop-advisor/services/cloudfunctions.googleapis.com 200
[debug] [2025-03-19T06:24:34.964Z] <<< [apiv2][body] GET https://serviceusage.googleapis.com/v1/projects/soil-crop-advisor/services/cloudfunctions.googleapis.com [omitted]
[debug] [2025-03-19T06:24:34.964Z] Checked if tokens are valid: true, expires at: 1742368820493
[debug] [2025-03-19T06:24:34.964Z] Checked if tokens are valid: true, expires at: 1742368820493
[debug] [2025-03-19T06:24:34.964Z] >>> [apiv2][query] POST https://serviceusage.googleapis.com/v1/projects/soil-crop-advisor/services/cloudfunctions.googleapis.com:enable [none]
[debug] [2025-03-19T06:24:34.964Z] >>> [apiv2][(partial)header] POST https://serviceusage.googleapis.com/v1/projects/soil-crop-advisor/services/cloudfunctions.googleapis.com:enable x-goog-quota-user=projects/soil-crop-advisor
[debug] [2025-03-19T06:24:35.544Z] <<< [apiv2][status] POST https://serviceusage.googleapis.com/v1/projects/soil-crop-advisor/services/cloudfunctions.googleapis.com:enable 200
[debug] [2025-03-19T06:24:35.544Z] <<< [apiv2][body] POST https://serviceusage.googleapis.com/v1/projects/soil-crop-advisor/services/cloudfunctions.googleapis.com:enable [omitted]
[debug] [2025-03-19T06:24:45.551Z] Checked if tokens are valid: true, expires at: 1742368820493
[debug] [2025-03-19T06:24:45.551Z] Checked if tokens are valid: true, expires at: 1742368820493
[debug] [2025-03-19T06:24:45.551Z] >>> [apiv2][query] GET https://serviceusage.googleapis.com/v1/projects/soil-crop-advisor/services/cloudfunctions.googleapis.com [none]
[debug] [2025-03-19T06:24:45.552Z] >>> [apiv2][(partial)header] GET https://serviceusage.googleapis.com/v1/projects/soil-crop-advisor/services/cloudfunctions.googleapis.com x-goog-quota-user=projects/soil-crop-advisor
[debug] [2025-03-19T06:24:47.179Z] <<< [apiv2][status] GET https://serviceusage.googleapis.com/v1/projects/soil-crop-advisor/services/cloudfunctions.googleapis.com 200
[debug] [2025-03-19T06:24:47.179Z] <<< [apiv2][body] GET https://serviceusage.googleapis.com/v1/projects/soil-crop-advisor/services/cloudfunctions.googleapis.com [omitted]
[info] Let's create a new codebase for your functions.
[info] A directory corresponding to the codebase will be created in your project
[info] with sample code pre-configured.

[info] See https://firebase.google.com/docs/functions/organize-functions for
[info] more information on organizing your functions using codebases.

[info] Functions can be deployed with firebase deploy.

[info] +  Wrote functions/package.json 
[info] +  Wrote functions/.eslintrc.js 
[info] +  Wrote functions/tsconfig.json 
[info] +  Wrote functions/tsconfig.dev.json 
[info] +  Wrote functions/src/index.ts 
[info] +  Wrote functions/.gitignore 
[info] 
[info] i  genkit: Installing Genkit CLI version 1.2.0
 
[info] i  genkit: Installing NPM packages for genkit 
[info] +  genkit: Successfully installed NPM packages 
[info] i  genkit: Updating tsconfig.json 
[info] +  genkit: Successfully updated tsconfig.json 
[info] i  genkit: Updating package.json 
[info] +  genkit: Successfully updated package.json 
[info] i  genkit: Generating sample file 
[info] +  genkit: Successfully generated sample file (src/genkit-sample.ts) 
[info] 
Login to Google Cloud using:
[info]     gcloud auth application-default login --project undefined

[info] Then start the Genkit developer experience by running:
[info]     cd functions && npm run genkit:start
[info] 
=== Functions Setup
[debug] [2025-03-19T06:27:53.865Z] > command requires scopes: ["email","openid","https://www.googleapis.com/auth/cloudplatformprojects.readonly","https://www.googleapis.com/auth/firebase","https://www.googleapis.com/auth/cloud-platform"]
[debug] [2025-03-19T06:27:53.866Z] > authorizing via signed-in user (laser57vvit@gmail.com)
[debug] [2025-03-19T06:27:53.866Z] [iam] checking project soil-crop-advisor for permissions ["firebase.projects.get"]
[debug] [2025-03-19T06:27:53.866Z] Checked if tokens are valid: true, expires at: 1742368820493
[debug] [2025-03-19T06:27:53.866Z] Checked if tokens are valid: true, expires at: 1742368820493
[debug] [2025-03-19T06:27:53.866Z] >>> [apiv2][query] POST https://cloudresourcemanager.googleapis.com/v1/projects/soil-crop-advisor:testIamPermissions [none]
[debug] [2025-03-19T06:27:53.866Z] >>> [apiv2][(partial)header] POST https://cloudresourcemanager.googleapis.com/v1/projects/soil-crop-advisor:testIamPermissions x-goog-quota-user=projects/soil-crop-advisor
[debug] [2025-03-19T06:27:53.866Z] >>> [apiv2][body] POST https://cloudresourcemanager.googleapis.com/v1/projects/soil-crop-advisor:testIamPermissions {"permissions":["firebase.projects.get"]}
[debug] [2025-03-19T06:27:55.356Z] <<< [apiv2][status] POST https://cloudresourcemanager.googleapis.com/v1/projects/soil-crop-advisor:testIamPermissions 200
[debug] [2025-03-19T06:27:55.356Z] <<< [apiv2][body] POST https://cloudresourcemanager.googleapis.com/v1/projects/soil-crop-advisor:testIamPermissions {"permissions":["firebase.projects.get"]}
[debug] [2025-03-19T06:27:55.357Z] Checked if tokens are valid: true, expires at: 1742368820493
[debug] [2025-03-19T06:27:55.357Z] Checked if tokens are valid: true, expires at: 1742368820493
[debug] [2025-03-19T06:27:55.357Z] Checked if tokens are valid: true, expires at: 1742368820493
[debug] [2025-03-19T06:27:55.357Z] Checked if tokens are valid: true, expires at: 1742368820493
[debug] [2025-03-19T06:27:55.357Z] >>> [apiv2][query] GET https://serviceusage.googleapis.com/v1/projects/soil-crop-advisor/services/cloudfunctions.googleapis.com [none]
[debug] [2025-03-19T06:27:55.357Z] >>> [apiv2][(partial)header] GET https://serviceusage.googleapis.com/v1/projects/soil-crop-advisor/services/cloudfunctions.googleapis.com x-goog-quota-user=projects/soil-crop-advisor
[debug] [2025-03-19T06:27:55.359Z] >>> [apiv2][query] GET https://serviceusage.googleapis.com/v1/projects/soil-crop-advisor/services/runtimeconfig.googleapis.com [none]
[debug] [2025-03-19T06:27:55.359Z] >>> [apiv2][(partial)header] GET https://serviceusage.googleapis.com/v1/projects/soil-crop-advisor/services/runtimeconfig.googleapis.com x-goog-quota-user=projects/soil-crop-advisor
[debug] [2025-03-19T06:27:56.920Z] <<< [apiv2][status] GET https://serviceusage.googleapis.com/v1/projects/soil-crop-advisor/services/runtimeconfig.googleapis.com 200
[debug] [2025-03-19T06:27:56.920Z] <<< [apiv2][body] GET https://serviceusage.googleapis.com/v1/projects/soil-crop-advisor/services/runtimeconfig.googleapis.com [omitted]
[debug] [2025-03-19T06:27:57.086Z] <<< [apiv2][status] GET https://serviceusage.googleapis.com/v1/projects/soil-crop-advisor/services/cloudfunctions.googleapis.com 200
[debug] [2025-03-19T06:27:57.086Z] <<< [apiv2][body] GET https://serviceusage.googleapis.com/v1/projects/soil-crop-advisor/services/cloudfunctions.googleapis.com [omitted]
[info] 
Detected existing codebase(s): default

[info] 
Overwriting codebase default...

[info] +  Wrote functions/package.json 
[info] +  Wrote functions/index.js 
[info] +  Wrote functions/.eslintrc.js 
[info] +  Wrote functions/.gitignore 
[info] 
=== Apphosting Setup
[debug] [2025-03-19T06:28:48.983Z] Checked if tokens are valid: true, expires at: 1742368820493
[debug] [2025-03-19T06:28:48.983Z] Checked if tokens are valid: true, expires at: 1742368820493
[debug] [2025-03-19T06:28:48.983Z] >>> [apiv2][query] GET https://cloudbilling.googleapis.com/v1/projects/soil-crop-advisor/billingInfo [none]
[debug] [2025-03-19T06:28:49.396Z] <<< [apiv2][status] GET https://cloudbilling.googleapis.com/v1/projects/soil-crop-advisor/billingInfo 200
[debug] [2025-03-19T06:28:49.396Z] <<< [apiv2][body] GET https://cloudbilling.googleapis.com/v1/projects/soil-crop-advisor/billingInfo {"name":"projects/soil-crop-advisor/billingInfo","projectId":"soil-crop-advisor","billingAccountName":"","billingEnabled":false}
[info] i  Writing default settings to apphosting.yaml... 
[info] +  Wrote apphosting.yaml 
[info] +  Create a new App Hosting backend with `firebase apphosting:backends:create` 
[info] 
=== Hosting Setup
[debug] [2025-03-19T06:28:49.401Z] Checked if tokens are valid: true, expires at: 1742368820493
[debug] [2025-03-19T06:28:49.401Z] Checked if tokens are valid: true, expires at: 1742368820493
[debug] [2025-03-19T06:28:49.401Z] >>> [apiv2][query] GET https://firebase.googleapis.com/v1beta1/projects/soil-crop-advisor [none]
[debug] [2025-03-19T06:28:50.155Z] <<< [apiv2][status] GET https://firebase.googleapis.com/v1beta1/projects/soil-crop-advisor 200
[debug] [2025-03-19T06:28:50.155Z] <<< [apiv2][body] GET https://firebase.googleapis.com/v1beta1/projects/soil-crop-advisor {"projectId":"soil-crop-advisor","projectNumber":"834687015818","displayName":"Soil Crop Advisor","name":"projects/soil-crop-advisor","resources":{"hostingSite":"soil-crop-advisor"},"state":"ACTIVE","etag":"1_65948df9-d54b-47bb-a8cf-2b02708f62f1"}
[info] 
[info] Your public directory is the folder (relative to your project directory) that
[info] will contain Hosting assets to be uploaded with firebase deploy. If you
[info] have a build process for your assets, use your build's output directory.
[info] 
[info] +  Wrote public/404.html 
[debug] [2025-03-19T06:29:17.310Z] >>> [apiv2][query] GET https://www.gstatic.com/firebasejs/releases.json [none]
[debug] [2025-03-19T06:29:17.411Z] <<< [apiv2][status] GET https://www.gstatic.com/firebasejs/releases.json 200
[debug] [2025-03-19T06:29:17.411Z] <<< [apiv2][body] GET https://www.gstatic.com/firebasejs/releases.json {"current":{"version":"11.4.0","browserURL":"https://www.gstatic.com/firebasejs/11.4.0/firebase.js","packageURL":"https://www.gstatic.com/firebasejs/11.4.0/firebase.tgz"},"live":{"version":"11.4","browserURL":"https://www.gstatic.com/firebasejs/live/11.4/firebase.js","packageURL":"https://www.gstatic.com/firebasejs/live/11.4/firebase.tgz"},"components":{"analytics":"https://www.gstatic.com/firebasejs/11.4.0/firebase-analytics.js","app":"https://www.gstatic.com/firebasejs/11.4.0/firebase-app.js","app-check":"https://www.gstatic.com/firebasejs/11.4.0/firebase-app-check.js","auth":"https://www.gstatic.com/firebasejs/11.4.0/firebase-auth.js","auth/cordova":"https://www.gstatic.com/firebasejs/11.4.0/firebase-auth/cordova.js","auth/web-extension":"https://www.gstatic.com/firebasejs/11.4.0/firebase-auth/web-extension.js","functions":"https://www.gstatic.com/firebasejs/11.4.0/firebase-functions.js","firestore":"https://www.gstatic.com/firebasejs/11.4.0/firebase-firestore.js","firestore/lite":"https://www.gstatic.com/firebasejs/11.4.0/firebase-firestore/lite.js","installations":"https://www.gstatic.com/firebasejs/11.4.0/firebase-installations.js","storage":"https://www.gstatic.com/firebasejs/11.4.0/firebase-storage.js","performance":"https://www.gstatic.com/firebasejs/11.4.0/firebase-performance.js","remote-config":"https://www.gstatic.com/firebasejs/11.4.0/firebase-remote-config.js","messaging":"https://www.gstatic.com/firebasejs/11.4.0/firebase-messaging.js","messaging/sw":"https://www.gstatic.com/firebasejs/11.4.0/firebase-messaging/sw.js","database":"https://www.gstatic.com/firebasejs/11.4.0/firebase-database.js","vertexai":"https://www.gstatic.com/firebasejs/11.4.0/firebase-vertexai.js","data-connect":"https://www.gstatic.com/firebasejs/11.4.0/firebase-data-connect.js","firestore.memory":"https://www.gstatic.com/firebasejs/11.4.0/firebase-firestore.memory.js"}}
[info] +  Wrote public/index.html 
[info] 
[info] i  Didn't detect a .git folder. Assuming C:\Users\vinti\OneDrive\Desktop\Soil Crop Advisor_files is the project root. 
[info] i  Authorizing with GitHub to upload your service account to a GitHub repository's secrets store. 
[info] 
[info] Visit this URL on this device to log in:
[info] https://github.com/login/oauth/authorize?client_id=89cf50f02ac6aaed3484&state=1023761921&redirect_uri=http%3A%2F%2Flocalhost%3A9005&scope=read%3Auser%20repo%20public_repo
[info] 
[info] Waiting for authentication...
[debug] [2025-03-19T06:30:48.310Z] >>> [apiv2][query] POST https://github.com/login/oauth/access_token [none]
[debug] [2025-03-19T06:30:48.310Z] >>> [apiv2][body] POST https://github.com/login/oauth/access_token [stream]
[debug] [2025-03-19T06:30:48.926Z] <<< [apiv2][status] POST https://github.com/login/oauth/access_token 200
[debug] [2025-03-19T06:30:48.927Z] <<< [apiv2][body] POST https://github.com/login/oauth/access_token {"access_token":"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","token_type":"bearer","scope":"read:user,repo"}
[debug] [2025-03-19T06:30:48.932Z] >>> [apiv2][query] GET https://api.github.com/user [none]
[debug] [2025-03-19T06:30:49.384Z] <<< [apiv2][status] GET https://api.github.com/user 200
[debug] [2025-03-19T06:30:49.385Z] <<< [apiv2][body] GET https://api.github.com/user {"login":"AAKASH-57","id":159039626,"node_id":"U_kgDOCXrAig","avatar_url":"https://avatars.githubusercontent.com/u/159039626?v=4","gravatar_id":"","url":"https://api.github.com/users/AAKASH-57","html_url":"https://github.com/AAKASH-57","followers_url":"https://api.github.com/users/AAKASH-57/followers","following_url":"https://api.github.com/users/AAKASH-57/following{/other_user}","gists_url":"https://api.github.com/users/AAKASH-57/gists{/gist_id}","starred_url":"https://api.github.com/users/AAKASH-57/starred{/owner}{/repo}","subscriptions_url":"https://api.github.com/users/AAKASH-57/subscriptions","organizations_url":"https://api.github.com/users/AAKASH-57/orgs","repos_url":"https://api.github.com/users/AAKASH-57/repos","events_url":"https://api.github.com/users/AAKASH-57/events{/privacy}","received_events_url":"https://api.github.com/users/AAKASH-57/received_events","type":"User","user_view_type":"private","site_admin":false,"name":null,"company":null,"blog":"","location":null,"email":null,"hireable":null,"bio":null,"twitter_username":null,"notification_email":null,"public_repos":7,"public_gists":0,"followers":0,"following":0,"created_at":"2024-02-05T14:39:08Z","updated_at":"2025-03-07T06:38:09Z","private_gists":0,"total_private_repos":0,"owned_private_repos":0,"disk_usage":17595,"collaborators":0,"two_factor_authentication":false,"plan":{"name":"free","space":976562499,"collaborators":0,"private_repos":10000}}
[info] 
[info] +  Success! Logged into GitHub as AAKASH-57 
[info] 
[debug] [2025-03-19T06:31:06.206Z] >>> [apiv2][query] GET https://api.github.com/repos//actions/secrets/public-key type=owner
[debug] [2025-03-19T06:31:06.605Z] <<< [apiv2][status] GET https://api.github.com/repos//actions/secrets/public-key 404
[debug] [2025-03-19T06:31:06.605Z] <<< [apiv2][body] GET https://api.github.com/repos//actions/secrets/public-key {"message":"Not Found","documentation_url":"https://docs.github.com/rest","status":"404"}
[info] 
[info] 
[error] !  The provided authorization cannot be used with this repository. If this repository is in an organization, did you remember to grant access? 
[info] 
[info] i  Action required: Visit this URL to ensure access has been granted to the appropriate organization(s) for the Firebase CLI GitHub OAuth App: 
[info] https://github.com/settings/connections/applications/89cf50f02ac6aaed3484
[info] 
[debug] [2025-03-19T06:31:08.585Z] >>> [apiv2][query] GET https://api.github.com/repos//actions/secrets/public-key type=owner
[debug] [2025-03-19T06:31:08.849Z] <<< [apiv2][status] GET https://api.github.com/repos//actions/secrets/public-key 404
[debug] [2025-03-19T06:31:08.849Z] <<< [apiv2][body] GET https://api.github.com/repos//actions/secrets/public-key {"message":"Not Found","documentation_url":"https://docs.github.com/rest","status":"404"}
[info] 
[info] 
[error] !  The provided authorization cannot be used with this repository. If this repository is in an organization, did you remember to grant access? 
[info] 
[info] i  Action required: Visit this URL to ensure access has been granted to the appropriate organization(s) for the Firebase CLI GitHub OAuth App: 
[info] https://github.com/settings/connections/applications/89cf50f02ac6aaed3484
[info] 
[debug] [2025-03-19T06:31:58.403Z] >>> [apiv2][query] GET https://api.github.com/repos/repository/actions/secrets/public-key type=owner
[debug] [2025-03-19T06:31:58.787Z] <<< [apiv2][status] GET https://api.github.com/repos/repository/actions/secrets/public-key 404
[debug] [2025-03-19T06:31:58.787Z] <<< [apiv2][body] GET https://api.github.com/repos/repository/actions/secrets/public-key {"message":"Not Found","documentation_url":"https://docs.github.com/rest","status":"404"}
[info] 
[info] 
[error] !  The provided authorization cannot be used with this repository. If this repository is in an organization, did you remember to grant access? 
[info] 
[info] i  Action required: Visit this URL to ensure access has been granted to the appropriate organization(s) for the Firebase CLI GitHub OAuth App: 
[info] https://github.com/settings/connections/applications/89cf50f02ac6aaed3484
[info] 
[debug] [2025-03-19T06:32:08.180Z] >>> [apiv2][query] GET https://api.github.com/repos/user/actions/secrets/public-key type=owner
[debug] [2025-03-19T06:32:08.704Z] <<< [apiv2][status] GET https://api.github.com/repos/user/actions/secrets/public-key 404
[debug] [2025-03-19T06:32:08.704Z] <<< [apiv2][body] GET https://api.github.com/repos/user/actions/secrets/public-key {"message":"Not Found","documentation_url":"https://docs.github.com/rest","status":"404"}
[info] 
[info] 
[error] !  The provided authorization cannot be used with this repository. If this repository is in an organization, did you remember to grant access? 
[info] 
[info] i  Action required: Visit this URL to ensure access has been granted to the appropriate organization(s) for the Firebase CLI GitHub OAuth App: 
[info] https://github.com/settings/connections/applications/89cf50f02ac6aaed3484
[info] 
